timestamp: 2012-10-31T20:16:38.454477
CREATE TABLE auth_user(
    id INTEGER PRIMARY KEY AUTOINCREMENT,
    first_name CHAR(128),
    last_name CHAR(128),
    email CHAR(512),
    password CHAR(512),
    registration_key CHAR(512),
    reset_password_key CHAR(512),
    registration_id CHAR(512)
);
success!
timestamp: 2012-10-31T20:16:38.463435
CREATE TABLE auth_group(
    id INTEGER PRIMARY KEY AUTOINCREMENT,
    role CHAR(512),
    description TEXT
);
success!
timestamp: 2012-10-31T20:16:38.465041
CREATE TABLE auth_membership(
    id INTEGER PRIMARY KEY AUTOINCREMENT,
    user_id INTEGER REFERENCES auth_user (id) ON DELETE CASCADE,
    group_id INTEGER REFERENCES auth_group (id) ON DELETE CASCADE
);
success!
timestamp: 2012-10-31T20:16:38.466821
CREATE TABLE auth_permission(
    id INTEGER PRIMARY KEY AUTOINCREMENT,
    group_id INTEGER REFERENCES auth_group (id) ON DELETE CASCADE,
    name CHAR(512),
    table_name CHAR(512),
    record_id INTEGER
);
success!
timestamp: 2012-10-31T20:16:38.468638
CREATE TABLE auth_event(
    id INTEGER PRIMARY KEY AUTOINCREMENT,
    time_stamp TIMESTAMP,
    client_ip CHAR(512),
    user_id INTEGER REFERENCES auth_user (id) ON DELETE CASCADE,
    origin CHAR(512),
    description TEXT
);
success!
timestamp: 2012-10-31T20:16:38.470521
CREATE TABLE auth_cas(
    id INTEGER PRIMARY KEY AUTOINCREMENT,
    user_id INTEGER REFERENCES auth_user (id) ON DELETE CASCADE,
    created_on TIMESTAMP,
    service CHAR(512),
    ticket CHAR(512),
    renew CHAR(1)
);
success!
timestamp: 2012-10-31T21:23:48.235890
CREATE TABLE trade(
    id INTEGER PRIMARY KEY AUTOINCREMENT,
    user_to INTEGER REFERENCES auth_user (id) ON DELETE CASCADE,
    user_from INTEGER REFERENCES auth_user (id) ON DELETE CASCADE,
    location INTEGER REFERENCES location (id) ON DELETE CASCADE,
    approved CHAR(1),
    date TIMESTAMP
);
success!
timestamp: 2012-10-31T21:23:48.253154
CREATE TABLE location(
    id INTEGER PRIMARY KEY AUTOINCREMENT,
    user INTEGER REFERENCES auth_user (id) ON DELETE CASCADE,
    cord CHAR(512),
    date TIMESTAMP,
    title CHAR(512),
    note TEXT,
    rating INTEGER,
    photo INTEGER REFERENCES photo (id) ON DELETE CASCADE
);
success!
timestamp: 2012-10-31T21:24:34.533963
CREATE TABLE rating(
    id INTEGER PRIMARY KEY AUTOINCREMENT,
    user INTEGER REFERENCES auth_user (id) ON DELETE CASCADE,
    rating INTEGER,
    location INTEGER REFERENCES location (id) ON DELETE CASCADE,
    date TIMESTAMP
);
success!
timestamp: 2012-10-31T21:24:34.537879
CREATE TABLE message(
    id INTEGER PRIMARY KEY AUTOINCREMENT,
    user_to INTEGER REFERENCES auth_user (id) ON DELETE CASCADE,
    user_from INTEGER REFERENCES auth_user (id) ON DELETE CASCADE,
    subject CHAR(512),
    date TIMESTAMP,
    note TEXT
);
success!
timestamp: 2012-10-31T21:25:08.126172
CREATE TABLE comment(
    id INTEGER PRIMARY KEY AUTOINCREMENT,
    location INTEGER REFERENCES location (id) ON DELETE CASCADE,
    date TIMESTAMP,
    note TEXT,
    user INTEGER REFERENCES auth_user (id) ON DELETE CASCADE
);
success!
timestamp: 2012-10-31T21:25:08.139888
CREATE TABLE photo(
    id INTEGER PRIMARY KEY AUTOINCREMENT,
    location INTEGER REFERENCES location (id) ON DELETE CASCADE,
    image CHAR(512),
    private CHAR(1)
);
success!
